  [1m[35m (0.4ms)[0m  [1m[34mSELECT sqlite_version(*)[0m
  ↳ bin/rails:9
  [1m[35m (154.2ms)[0m  [1m[35mCREATE TABLE "schema_migrations" ("version" varchar NOT NULL PRIMARY KEY)[0m
  ↳ bin/rails:9
  [1m[35m (130.2ms)[0m  [1m[35mCREATE TABLE "ar_internal_metadata" ("key" varchar NOT NULL PRIMARY KEY, "value" varchar, "created_at" datetime NOT NULL, "updated_at" datetime NOT NULL)[0m
  ↳ bin/rails:9
  [1m[35m (0.3ms)[0m  [1m[34mSELECT "schema_migrations"."version" FROM "schema_migrations" ORDER BY "schema_migrations"."version" ASC[0m
  ↳ bin/rails:9
Migrating to CreateDoctors (20220210154357)
  [1m[35m (0.2ms)[0m  [1m[36mbegin transaction[0m
  ↳ bin/rails:9
  [1m[35m (0.6ms)[0m  [1m[35mCREATE TABLE "doctors" ("id" integer PRIMARY KEY AUTOINCREMENT NOT NULL, "first_name" varchar, "last_name" varchar, "speciality" varchar, "zip_code" varchar, "created_at" datetime NOT NULL, "updated_at" datetime NOT NULL)[0m
  ↳ db/migrate/20220210154357_create_doctors.rb:3
  [1m[36mActiveRecord::SchemaMigration Create (0.4ms)[0m  [1m[32mINSERT INTO "schema_migrations" ("version") VALUES (?)[0m  [["version", "20220210154357"]]
  ↳ bin/rails:9
  [1m[35m (125.4ms)[0m  [1m[36mcommit transaction[0m
  ↳ bin/rails:9
Migrating to CreatePatients (20220210154545)
  [1m[35m (0.1ms)[0m  [1m[36mbegin transaction[0m
  ↳ bin/rails:9
  [1m[35m (1.1ms)[0m  [1m[35mCREATE TABLE "patients" ("id" integer PRIMARY KEY AUTOINCREMENT NOT NULL, "first_name" varchar, "last_name" varchar, "created_at" datetime NOT NULL, "updated_at" datetime NOT NULL)[0m
  ↳ db/migrate/20220210154545_create_patients.rb:3
  [1m[36mActiveRecord::SchemaMigration Create (0.5ms)[0m  [1m[32mINSERT INTO "schema_migrations" ("version") VALUES (?)[0m  [["version", "20220210154545"]]
  ↳ bin/rails:9
  [1m[35m (125.2ms)[0m  [1m[36mcommit transaction[0m
  ↳ bin/rails:9
Migrating to CreateAppointments (20220210154605)
  [1m[35m (0.1ms)[0m  [1m[36mbegin transaction[0m
  ↳ bin/rails:9
  [1m[35m (0.8ms)[0m  [1m[35mCREATE TABLE "appointments" ("id" integer PRIMARY KEY AUTOINCREMENT NOT NULL, "date" datetime, "doctor_id" integer, "patient_id" integer, "created_at" datetime NOT NULL, "updated_at" datetime NOT NULL)[0m
  ↳ db/migrate/20220210154605_create_appointments.rb:3
  [1m[35m (0.4ms)[0m  [1m[35mCREATE  INDEX "index_appointments_on_doctor_id" ON "appointments" ("doctor_id")[0m
  ↳ db/migrate/20220210154605_create_appointments.rb:3
  [1m[35m (0.2ms)[0m  [1m[35mCREATE  INDEX "index_appointments_on_patient_id" ON "appointments" ("patient_id")[0m
  ↳ db/migrate/20220210154605_create_appointments.rb:3
  [1m[36mActiveRecord::SchemaMigration Create (0.3ms)[0m  [1m[32mINSERT INTO "schema_migrations" ("version") VALUES (?)[0m  [["version", "20220210154605"]]
  ↳ bin/rails:9
  [1m[35m (124.8ms)[0m  [1m[36mcommit transaction[0m
  ↳ bin/rails:9
  [1m[36mActiveRecord::InternalMetadata Load (0.3ms)[0m  [1m[34mSELECT  "ar_internal_metadata".* FROM "ar_internal_metadata" WHERE "ar_internal_metadata"."key" = ? LIMIT ?[0m  [["key", "environment"], ["LIMIT", 1]]
  ↳ bin/rails:9
  [1m[35m (0.1ms)[0m  [1m[36mbegin transaction[0m
  ↳ bin/rails:9
  [1m[36mActiveRecord::InternalMetadata Create (0.9ms)[0m  [1m[32mINSERT INTO "ar_internal_metadata" ("key", "value", "created_at", "updated_at") VALUES (?, ?, ?, ?)[0m  [["key", "environment"], ["value", "development"], ["created_at", "2022-02-10 15:50:51.829102"], ["updated_at", "2022-02-10 15:50:51.829102"]]
  ↳ bin/rails:9
  [1m[35m (105.0ms)[0m  [1m[36mcommit transaction[0m
  ↳ bin/rails:9
  [1m[35m (0.1ms)[0m  [1m[34mSELECT "schema_migrations"."version" FROM "schema_migrations" ORDER BY "schema_migrations"."version" ASC[0m
  ↳ bin/rails:9
  [1m[35m (0.3ms)[0m  [1m[34mSELECT "schema_migrations"."version" FROM "schema_migrations" ORDER BY "schema_migrations"."version" ASC[0m
  ↳ bin/rails:9
  [1m[35m (0.1ms)[0m  [1m[34mSELECT "schema_migrations"."version" FROM "schema_migrations" ORDER BY "schema_migrations"."version" ASC[0m
  ↳ bin/rails:9
  [1m[35m (0.1ms)[0m  [1m[34mSELECT "schema_migrations"."version" FROM "schema_migrations" ORDER BY "schema_migrations"."version" ASC[0m
  ↳ bin/rails:9
  [1m[35m (0.1ms)[0m  [1m[36mbegin transaction[0m
  ↳ db/seeds.rb:11
  [1m[35m (0.1ms)[0m  [1m[31mrollback transaction[0m
  ↳ db/seeds.rb:11
  [1m[35m (0.1ms)[0m  [1m[34mSELECT "schema_migrations"."version" FROM "schema_migrations" ORDER BY "schema_migrations"."version" ASC[0m
  ↳ bin/rails:9
  [1m[35m (0.1ms)[0m  [1m[36mbegin transaction[0m
  ↳ db/seeds.rb:11
  [1m[36mPatient Create (0.3ms)[0m  [1m[32mINSERT INTO "patients" ("first_name", "last_name", "created_at", "updated_at") VALUES (?, ?, ?, ?)[0m  [["first_name", "Faviola"], ["last_name", "Skiles"], ["created_at", "2022-02-10 16:01:25.208982"], ["updated_at", "2022-02-10 16:01:25.208982"]]
  ↳ db/seeds.rb:11
  [1m[35m (185.4ms)[0m  [1m[36mcommit transaction[0m
  ↳ db/seeds.rb:11
  [1m[35m (0.1ms)[0m  [1m[36mbegin transaction[0m
  ↳ db/seeds.rb:11
  [1m[36mPatient Create (0.8ms)[0m  [1m[32mINSERT INTO "patients" ("first_name", "last_name", "created_at", "updated_at") VALUES (?, ?, ?, ?)[0m  [["first_name", "Leeann"], ["last_name", "Koepp"], ["created_at", "2022-02-10 16:01:25.399429"], ["updated_at", "2022-02-10 16:01:25.399429"]]
  ↳ db/seeds.rb:11
  [1m[35m (105.1ms)[0m  [1m[36mcommit transaction[0m
  ↳ db/seeds.rb:11
  [1m[35m (0.1ms)[0m  [1m[36mbegin transaction[0m
  ↳ db/seeds.rb:11
  [1m[36mPatient Create (0.4ms)[0m  [1m[32mINSERT INTO "patients" ("first_name", "last_name", "created_at", "updated_at") VALUES (?, ?, ?, ?)[0m  [["first_name", "Justin"], ["last_name", "Kihn"], ["created_at", "2022-02-10 16:01:25.510172"], ["updated_at", "2022-02-10 16:01:25.510172"]]
  ↳ db/seeds.rb:11
  [1m[35m (103.4ms)[0m  [1m[36mcommit transaction[0m
  ↳ db/seeds.rb:11
  [1m[35m (0.1ms)[0m  [1m[36mbegin transaction[0m
  ↳ db/seeds.rb:11
  [1m[36mPatient Create (0.3ms)[0m  [1m[32mINSERT INTO "patients" ("first_name", "last_name", "created_at", "updated_at") VALUES (?, ?, ?, ?)[0m  [["first_name", "Emmitt"], ["last_name", "Turcotte"], ["created_at", "2022-02-10 16:01:25.618279"], ["updated_at", "2022-02-10 16:01:25.618279"]]
  ↳ db/seeds.rb:11
  [1m[35m (105.9ms)[0m  [1m[36mcommit transaction[0m
  ↳ db/seeds.rb:11
  [1m[35m (0.1ms)[0m  [1m[36mbegin transaction[0m
  ↳ db/seeds.rb:11
  [1m[36mPatient Create (0.3ms)[0m  [1m[32mINSERT INTO "patients" ("first_name", "last_name", "created_at", "updated_at") VALUES (?, ?, ?, ?)[0m  [["first_name", "Ping"], ["last_name", "Jenkins"], ["created_at", "2022-02-10 16:01:25.728092"], ["updated_at", "2022-02-10 16:01:25.728092"]]
  ↳ db/seeds.rb:11
  [1m[35m (106.0ms)[0m  [1m[36mcommit transaction[0m
  ↳ db/seeds.rb:11
  [1m[35m (0.3ms)[0m  [1m[36mbegin transaction[0m
  ↳ db/seeds.rb:11
  [1m[36mPatient Create (0.4ms)[0m  [1m[32mINSERT INTO "patients" ("first_name", "last_name", "created_at", "updated_at") VALUES (?, ?, ?, ?)[0m  [["first_name", "Julian"], ["last_name", "Cronin"], ["created_at", "2022-02-10 16:01:25.839769"], ["updated_at", "2022-02-10 16:01:25.839769"]]
  ↳ db/seeds.rb:11
  [1m[35m (103.9ms)[0m  [1m[36mcommit transaction[0m
  ↳ db/seeds.rb:11
  [1m[35m (0.1ms)[0m  [1m[36mbegin transaction[0m
  ↳ db/seeds.rb:11
  [1m[36mPatient Create (0.3ms)[0m  [1m[32mINSERT INTO "patients" ("first_name", "last_name", "created_at", "updated_at") VALUES (?, ?, ?, ?)[0m  [["first_name", "Trinidad"], ["last_name", "Aufderhar"], ["created_at", "2022-02-10 16:01:25.948005"], ["updated_at", "2022-02-10 16:01:25.948005"]]
  ↳ db/seeds.rb:11
  [1m[35m (105.9ms)[0m  [1m[36mcommit transaction[0m
  ↳ db/seeds.rb:11
  [1m[35m (0.1ms)[0m  [1m[36mbegin transaction[0m
  ↳ db/seeds.rb:11
  [1m[36mPatient Create (0.3ms)[0m  [1m[32mINSERT INTO "patients" ("first_name", "last_name", "created_at", "updated_at") VALUES (?, ?, ?, ?)[0m  [["first_name", "Celestina"], ["last_name", "Schneider"], ["created_at", "2022-02-10 16:01:26.059063"], ["updated_at", "2022-02-10 16:01:26.059063"]]
  ↳ db/seeds.rb:11
  [1m[35m (103.1ms)[0m  [1m[36mcommit transaction[0m
  ↳ db/seeds.rb:11
  [1m[35m (0.1ms)[0m  [1m[36mbegin transaction[0m
  ↳ db/seeds.rb:11
  [1m[36mPatient Create (0.3ms)[0m  [1m[32mINSERT INTO "patients" ("first_name", "last_name", "created_at", "updated_at") VALUES (?, ?, ?, ?)[0m  [["first_name", "Sandy"], ["last_name", "Ferry"], ["created_at", "2022-02-10 16:01:26.165848"], ["updated_at", "2022-02-10 16:01:26.165848"]]
  ↳ db/seeds.rb:11
  [1m[35m (106.5ms)[0m  [1m[36mcommit transaction[0m
  ↳ db/seeds.rb:11
  [1m[35m (0.1ms)[0m  [1m[36mbegin transaction[0m
  ↳ db/seeds.rb:11
  [1m[36mPatient Create (0.3ms)[0m  [1m[32mINSERT INTO "patients" ("first_name", "last_name", "created_at", "updated_at") VALUES (?, ?, ?, ?)[0m  [["first_name", "Vannessa"], ["last_name", "Stokes"], ["created_at", "2022-02-10 16:01:26.276024"], ["updated_at", "2022-02-10 16:01:26.276024"]]
  ↳ db/seeds.rb:11
  [1m[35m (105.7ms)[0m  [1m[36mcommit transaction[0m
  ↳ db/seeds.rb:11
  [1m[35m (0.1ms)[0m  [1m[36mbegin transaction[0m
  ↳ db/seeds.rb:15
  [1m[36mDoctor Create (0.3ms)[0m  [1m[32mINSERT INTO "doctors" ("first_name", "last_name", "created_at", "updated_at") VALUES (?, ?, ?, ?)[0m  [["first_name", "Sergio"], ["last_name", "Purdy"], ["created_at", "2022-02-10 16:01:26.396553"], ["updated_at", "2022-02-10 16:01:26.396553"]]
  ↳ db/seeds.rb:15
  [1m[35m (108.4ms)[0m  [1m[36mcommit transaction[0m
  ↳ db/seeds.rb:15
  [1m[35m (0.1ms)[0m  [1m[36mbegin transaction[0m
  ↳ db/seeds.rb:15
  [1m[36mDoctor Create (0.5ms)[0m  [1m[32mINSERT INTO "doctors" ("first_name", "last_name", "created_at", "updated_at") VALUES (?, ?, ?, ?)[0m  [["first_name", "Holley"], ["last_name", "Maggio"], ["created_at", "2022-02-10 16:01:26.508073"], ["updated_at", "2022-02-10 16:01:26.508073"]]
  ↳ db/seeds.rb:15
  [1m[35m (103.9ms)[0m  [1m[36mcommit transaction[0m
  ↳ db/seeds.rb:15
  [1m[35m (0.1ms)[0m  [1m[36mbegin transaction[0m
  ↳ db/seeds.rb:15
  [1m[36mDoctor Create (0.3ms)[0m  [1m[32mINSERT INTO "doctors" ("first_name", "last_name", "created_at", "updated_at") VALUES (?, ?, ?, ?)[0m  [["first_name", "Marilyn"], ["last_name", "Ullrich"], ["created_at", "2022-02-10 16:01:26.615527"], ["updated_at", "2022-02-10 16:01:26.615527"]]
  ↳ db/seeds.rb:15
  [1m[35m (106.0ms)[0m  [1m[36mcommit transaction[0m
  ↳ db/seeds.rb:15
  [1m[35m (0.1ms)[0m  [1m[36mbegin transaction[0m
  ↳ db/seeds.rb:15
  [1m[36mDoctor Create (0.3ms)[0m  [1m[32mINSERT INTO "doctors" ("first_name", "last_name", "created_at", "updated_at") VALUES (?, ?, ?, ?)[0m  [["first_name", "Lila"], ["last_name", "Bernhard"], ["created_at", "2022-02-10 16:01:26.725539"], ["updated_at", "2022-02-10 16:01:26.725539"]]
  ↳ db/seeds.rb:15
  [1m[35m (105.6ms)[0m  [1m[36mcommit transaction[0m
  ↳ db/seeds.rb:15
  [1m[35m (0.1ms)[0m  [1m[36mbegin transaction[0m
  ↳ db/seeds.rb:15
  [1m[36mDoctor Create (0.3ms)[0m  [1m[32mINSERT INTO "doctors" ("first_name", "last_name", "created_at", "updated_at") VALUES (?, ?, ?, ?)[0m  [["first_name", "Eleonore"], ["last_name", "Batz"], ["created_at", "2022-02-10 16:01:26.835117"], ["updated_at", "2022-02-10 16:01:26.835117"]]
  ↳ db/seeds.rb:15
  [1m[35m (105.7ms)[0m  [1m[36mcommit transaction[0m
  ↳ db/seeds.rb:15
  [1m[36mDoctor Load (6.9ms)[0m  [1m[34mSELECT  "doctors".* FROM "doctors" LIMIT ?[0m  [["LIMIT", 11]]
  [1m[36mDoctor Load (0.3ms)[0m  [1m[34mSELECT  "doctors".* FROM "doctors" WHERE "doctors"."id" = ? LIMIT ?[0m  [["id", 1], ["LIMIT", 11]]
  [1m[35m (0.1ms)[0m  [1m[36mbegin transaction[0m
  [1m[35m (0.1ms)[0m  [1m[31mrollback transaction[0m
